0 info it worked if it ends with ok
1 verbose cli [ '/usr/local/bin/node', '/usr/local/bin/npm', 'publish' ]
2 info using npm@3.10.6
3 info using node@v4.5.0
4 verbose publish [ '.' ]
5 verbose stack Error: Failed to parse json
5 verbose stack Unexpected token 'k' at 17:4
5 verbose stack   "keywords": [
5 verbose stack    ^
5 verbose stack     at parseError (/usr/local/lib/node_modules/npm/node_modules/read-package-json/read-json.js:390:11)
5 verbose stack     at parseJson (/usr/local/lib/node_modules/npm/node_modules/read-package-json/read-json.js:79:23)
5 verbose stack     at /usr/local/lib/node_modules/npm/node_modules/read-package-json/read-json.js:48:5
5 verbose stack     at /usr/local/lib/node_modules/npm/node_modules/graceful-fs/graceful-fs.js:78:16
5 verbose stack     at FSReqWrap.readFileAfterClose [as oncomplete] (fs.js:380:3)
6 verbose cwd /home/dante/Documents/Programming/nodejs/xml2json-cli
7 error Linux 3.13.0-37-generic
8 error argv "/usr/local/bin/node" "/usr/local/bin/npm" "publish"
9 error node v4.5.0
10 error npm  v3.10.6
11 error file /home/dante/Documents/Programming/nodejs/xml2json-cli/package.json
12 error code EJSONPARSE
13 error Failed to parse json
13 error Unexpected token 'k' at 17:4
13 error   "keywords": [
13 error    ^
14 error File: /home/dante/Documents/Programming/nodejs/xml2json-cli/package.json
15 error Failed to parse package.json data.
15 error package.json must be actual JSON, not just JavaScript.
15 error
15 error This is not a bug in npm.
15 error Tell the package author to fix their package.json file. JSON.parse
16 verbose exit [ 1, true ]
